# JRE version: OpenJDK Runtime Environment (21.0.1+12) (build 21.0.1+12-29)
# Java VM: OpenJDK 64-Bit Server VM (21.0.1+12-29, mixed mode, sharing, tiered, compressed oops, compressed class ptrs, g1 gc, bsd-aarch64)
Heap:
 garbage-first heap   total 415744K, used 210741K [0x0000000780000000, 0x0000000800000000)
  region size 1024K, 79 young (80896K), 2 survivors (2048K)
 Metaspace       used 7152K, committed 7360K, reserved 1114112K
  class space    used 775K, committed 896K, reserved 1048576K
GC Heap History (20 events):
Event: 0.574 GC heap before
{Heap before GC invocations=3 (full 0):
 garbage-first heap   total 232448K, used 212691K [0x0000000780000000, 0x0000000800000000)
  region size 1024K, 59 young (60416K), 2 survivors (2048K)
 Metaspace       used 6712K, committed 6976K, reserved 1114112K
  class space    used 742K, committed 832K, reserved 1048576K
}
Event: 0.575 GC heap after
{Heap after GC invocations=4 (full 0):
 garbage-first heap   total 232448K, used 155133K [0x0000000780000000, 0x0000000800000000)
  region size 1024K, 2 young (2048K), 2 survivors (2048K)
 Metaspace       used 6712K, committed 6976K, reserved 1114112K
  class space    used 742K, committed 832K, reserved 1048576K
}
Event: 0.715 GC heap before
{Heap before GC invocations=4 (full 0):
 garbage-first heap   total 232448K, used 216573K [0x0000000780000000, 0x0000000800000000)
  region size 1024K, 62 young (63488K), 2 survivors (2048K)
 Metaspace       used 6735K, committed 6976K, reserved 1114112K
  class space    used 742K, committed 832K, reserved 1048576K
}
Event: 0.716 GC heap after
{Heap after GC invocations=5 (full 0):
 garbage-first heap   total 232448K, used 132624K [0x0000000780000000, 0x0000000800000000)
  region size 1024K, 2 young (2048K), 2 survivors (2048K)
 Metaspace       used 6735K, committed 6976K, reserved 1114112K
  class space    used 742K, committed 832K, reserved 1048576K
}
Event: 1.004 GC heap before
{Heap before GC invocations=5 (full 0):
 garbage-first heap   total 232448K, used 215568K [0x0000000780000000, 0x0000000800000000)
  region size 1024K, 85 young (87040K), 2 survivors (2048K)
 Metaspace       used 6751K, committed 6976K, reserved 1114112K
  class space    used 742K, committed 832K, reserved 1048576K
}
Event: 1.006 GC heap after
{Heap after GC invocations=6 (full 0):
 garbage-first heap   total 232448K, used 132642K [0x0000000780000000, 0x0000000800000000)
  region size 1024K, 2 young (2048K), 2 survivors (2048K)
 Metaspace       used 6751K, committed 6976K, reserved 1114112K
  class space    used 742K, committed 832K, reserved 1048576K
}
Event: 313.130 GC heap before
{Heap before GC invocations=7 (full 0):
 garbage-first heap   total 232448K, used 216610K [0x0000000780000000, 0x0000000800000000)
  region size 1024K, 84 young (86016K), 2 survivors (2048K)
 Metaspace       used 7148K, committed 7360K, reserved 1114112K
  class space    used 775K, committed 896K, reserved 1048576K
}
Event: 313.162 GC heap after
{Heap after GC invocations=8 (full 0):
 garbage-first heap   total 232448K, used 132517K [0x0000000780000000, 0x0000000800000000)
  region size 1024K, 2 young (2048K), 2 survivors (2048K)
 Metaspace       used 7148K, committed 7360K, reserved 1114112K
  class space    used 775K, committed 896K, reserved 1048576K
}
Event: 754.248 GC heap before
{Heap before GC invocations=8 (full 0):
 garbage-first heap   total 232448K, used 216485K [0x0000000780000000, 0x0000000800000000)
  region size 1024K, 84 young (86016K), 2 survivors (2048K)
 Metaspace       used 7151K, committed 7360K, reserved 1114112K
  class space    used 775K, committed 896K, reserved 1048576K
}
Event: 754.268 GC heap after
{Heap after GC invocations=9 (full 0):
 garbage-first heap   total 232448K, used 132510K [0x0000000780000000, 0x0000000800000000)
  region size 1024K, 2 young (2048K), 2 survivors (2048K)
 Metaspace       used 7151K, committed 7360K, reserved 1114112K
  class space    used 775K, committed 896K, reserved 1048576K
}
Event: 1208.200 GC heap before
{Heap before GC invocations=10 (full 0):
 garbage-first heap   total 232448K, used 216478K [0x0000000780000000, 0x0000000800000000)
  region size 1024K, 84 young (86016K), 2 survivors (2048K)
 Metaspace       used 7152K, committed 7360K, reserved 1114112K
  class space    used 775K, committed 896K, reserved 1048576K
}
Event: 1208.224 GC heap after
{Heap after GC invocations=11 (full 0):
 garbage-first heap   total 232448K, used 132525K [0x0000000780000000, 0x0000000800000000)
  region size 1024K, 2 young (2048K), 2 survivors (2048K)
 Metaspace       used 7152K, committed 7360K, reserved 1114112K
  class space    used 775K, committed 896K, reserved 1048576K
}
Event: 1661.304 GC heap before
{Heap before GC invocations=11 (full 0):
 garbage-first heap   total 232448K, used 216493K [0x0000000780000000, 0x0000000800000000)
  region size 1024K, 84 young (86016K), 2 survivors (2048K)
 Metaspace       used 7152K, committed 7360K, reserved 1114112K
  class space    used 775K, committed 896K, reserved 1048576K
}
Event: 1661.318 GC heap after
{Heap after GC invocations=12 (full 0):
 garbage-first heap   total 232448K, used 132512K [0x0000000780000000, 0x0000000800000000)
  region size 1024K, 2 young (2048K), 2 survivors (2048K)
 Metaspace       used 7152K, committed 7360K, reserved 1114112K
  class space    used 775K, committed 896K, reserved 1048576K
}
Event: 2101.662 GC heap before
{Heap before GC invocations=13 (full 0):
 garbage-first heap   total 232448K, used 216480K [0x0000000780000000, 0x0000000800000000)
  region size 1024K, 84 young (86016K), 2 survivors (2048K)
 Metaspace       used 7152K, committed 7360K, reserved 1114112K
  class space    used 775K, committed 896K, reserved 1048576K
}
Event: 2101.677 GC heap after
{Heap after GC invocations=14 (full 0):
 garbage-first heap   total 232448K, used 132532K [0x0000000780000000, 0x0000000800000000)
  region size 1024K, 2 young (2048K), 2 survivors (2048K)
 Metaspace       used 7152K, committed 7360K, reserved 1114112K
  class space    used 775K, committed 896K, reserved 1048576K
}
Event: 2549.667 GC heap before
{Heap before GC invocations=14 (full 0):
 garbage-first heap   total 232448K, used 216500K [0x0000000780000000, 0x0000000800000000)
  region size 1024K, 84 young (86016K), 2 survivors (2048K)
 Metaspace       used 7152K, committed 7360K, reserved 1114112K
  class space    used 775K, committed 896K, reserved 1048576K
}
Event: 2549.684 GC heap after
{Heap after GC invocations=15 (full 0):
 garbage-first heap   total 232448K, used 132383K [0x0000000780000000, 0x0000000800000000)
  region size 1024K, 2 young (2048K), 2 survivors (2048K)
 Metaspace       used 7152K, committed 7360K, reserved 1114112K
  class space    used 775K, committed 896K, reserved 1048576K
}
Event: 3015.625 GC heap before
{Heap before GC invocations=16 (full 0):
 garbage-first heap   total 232448K, used 216351K [0x0000000780000000, 0x0000000800000000)
  region size 1024K, 84 young (86016K), 2 survivors (2048K)
 Metaspace       used 7152K, committed 7360K, reserved 1114112K
  class space    used 775K, committed 896K, reserved 1048576K
}
Event: 3015.655 GC heap after
{Heap after GC invocations=17 (full 0):
 garbage-first heap   total 415744K, used 132403K [0x0000000780000000, 0x0000000800000000)
  region size 1024K, 2 young (2048K), 2 survivors (2048K)
 Metaspace       used 7152K, committed 7360K, reserved 1114112K
  class space    used 775K, committed 896K, reserved 1048576K
}

